<?xml version="1.0" encoding="UTF-8"?>
<!-- Generated by org.testng.reporters.JUnitXMLReporter -->
<testsuite ignored="0" hostname="LAPTOP-1BNHRBMA" failures="0" tests="4" name="Test" time="9.639" errors="0" timestamp="2021-07-16T10:34:33 IST">
  <testcase classname="Com.Qa.ParaBankDemo.ParaBankDemoAutomation" name="logoutLinkTest" time="0.048"/>
  <testcase classname="Com.Qa.ParaBankDemo.ParaBankDemoAutomation" name="searchBarTest" time="0.029"/>
  <testcase classname="Com.Qa.ParaBankDemo.ParaBankDemoAutomation" name="verifyCredentialsTest" time="1.623"/>
  <testcase classname="Com.Qa.ParaBankDemo.ParaBankDemoAutomation" name="verifypagetitlebefore" time="0.005"/>
</testsuite> <!-- Test -->
