<?xml version="1.0" encoding="UTF-8"?>
<testng-results ignored="0" total="4" passed="4" failed="0" skipped="0">
  <reporter-output>
  </reporter-output>
  <suite started-at="2021-07-16T10:34:24 IST" name="Suite" finished-at="2021-07-16T10:34:33 IST" duration-ms="9639">
    <groups>
    </groups>
    <test started-at="2021-07-16T10:34:24 IST" name="Test" finished-at="2021-07-16T10:34:33 IST" duration-ms="9639">
      <class name="Com.Qa.ParaBankDemo.ParaBankDemoAutomation">
        <test-method is-config="true" signature="setup()[pri:0, instance:Com.Qa.ParaBankDemo.ParaBankDemoAutomation@342c38f8]" started-at="2021-07-16T10:34:24 IST" name="setup" finished-at="2021-07-16T10:34:31 IST" duration-ms="7807" status="PASS">
          <reporter-output>
          </reporter-output>
        </test-method> <!-- setup -->
        <test-method signature="logoutLinkTest()[pri:0, instance:Com.Qa.ParaBankDemo.ParaBankDemoAutomation@342c38f8]" started-at="2021-07-16T10:34:31 IST" name="logoutLinkTest" finished-at="2021-07-16T10:34:32 IST" duration-ms="48" status="PASS">
          <reporter-output>
          </reporter-output>
        </test-method> <!-- logoutLinkTest -->
        <test-method signature="searchBarTest()[pri:0, instance:Com.Qa.ParaBankDemo.ParaBankDemoAutomation@342c38f8]" started-at="2021-07-16T10:34:32 IST" name="searchBarTest" finished-at="2021-07-16T10:34:32 IST" duration-ms="29" status="PASS">
          <reporter-output>
          </reporter-output>
        </test-method> <!-- searchBarTest -->
        <test-method signature="verifyCredentialsTest()[pri:0, instance:Com.Qa.ParaBankDemo.ParaBankDemoAutomation@342c38f8]" started-at="2021-07-16T10:34:32 IST" name="verifyCredentialsTest" finished-at="2021-07-16T10:34:33 IST" duration-ms="1623" status="PASS">
          <reporter-output>
          </reporter-output>
        </test-method> <!-- verifyCredentialsTest -->
        <test-method signature="verifypagetitlebefore()[pri:0, instance:Com.Qa.ParaBankDemo.ParaBankDemoAutomation@342c38f8]" started-at="2021-07-16T10:34:33 IST" name="verifypagetitlebefore" finished-at="2021-07-16T10:34:33 IST" duration-ms="5" status="PASS">
          <reporter-output>
          </reporter-output>
        </test-method> <!-- verifypagetitlebefore -->
        <test-method is-config="true" signature="tearDown()[pri:0, instance:Com.Qa.ParaBankDemo.ParaBankDemoAutomation@342c38f8]" started-at="2021-07-16T10:34:33 IST" name="tearDown" finished-at="2021-07-16T10:34:33 IST" duration-ms="98" status="PASS">
          <reporter-output>
          </reporter-output>
        </test-method> <!-- tearDown -->
      </class> <!-- Com.Qa.ParaBankDemo.ParaBankDemoAutomation -->
    </test> <!-- Test -->
  </suite> <!-- Suite -->
</testng-results>
